#
# A fatal error has been detected by the Java Runtime Environment:
#
#  EXCEPTION_ACCESS_VIOLATION (0xc0000005) at pc=0x78aa1ed7, pid=3972, tid=3196
#
# JRE version: Java(TM) SE Runtime Environment (8.0_66-b17) (build 1.8.0_66-b17)
# Java VM: Java HotSpot(TM) Client VM (25.66-b17 mixed mode windows-x86 )
# Problematic frame:
# C  [msvcr100.dll+0x1ed7]
#
# Failed to write core dump. Minidumps are not enabled by default on client versions of Windows
#
# If you would like to submit a bug report, please visit:
#   http://bugreport.java.com/bugreport/crash.jsp
# The crash happened outside the Java Virtual Machine in native code.
# See problematic frame for where to report the bug.
#

---------------  T H R E A D  ---------------

Current thread (0x2394a800):  JavaThread "cc.arduino.packages.discoverers.network.NetworkChecker" [_thread_in_native, id=3196, stack(0x23f70000,0x23fc0000)]

siginfo: ExceptionCode=0xc0000005, reading address 0x253ed000

Registers:
EAX=0x253ed014, EBX=0x00000000, ECX=0x00000005, EDX=0x00000000
ESP=0x23fbf9a4, EBP=0x23fbf9ac, ESI=0x253ed000, EDI=0x23afe824
EIP=0x78aa1ed7, EFLAGS=0x00010206

Top of Stack: (sp=0x23fbf9a4)
0x23fbf9a4:   253ece9c 00000178 23fbf9d8 6fe84e11
0x23fbf9b4:   23afe6c0 253ece9c 00000178 2394a800
0x23fbf9c4:   23dcf188 23dcf101 23afe6c0 00000468
0x23fbf9d4:   253ecb88 23fbfa20 6fe85296 2394a940
0x23fbf9e4:   00000001 23dcf190 00d1aca3 2394a940
0x23fbf9f4:   23fbfa28 23fbfa34 00000001 23fbfa00
0x23fbfa04:   00000000 23fbfa34 23dcf8d0 00000000
0x23fbfa14:   23dcf190 00000000 23fbfa30 23fbfa58 

Instructions: (pc=0x78aa1ed7)
0x78aa1eb7:   e6 0f 3b fe 5e 5f 75 05 e9 35 eb 00 00 f7 c7 03
0x78aa1ec7:   00 00 00 75 14 c1 e9 02 83 e2 03 83 f9 08 72 29
0x78aa1ed7:   f3 a5 ff 24 95 f0 1f aa 78 8b c7 ba 03 00 00 00
0x78aa1ee7:   83 e9 04 72 0c 83 e0 03 03 c8 ff 24 85 04 1f aa 


Register to memory mapping:

EAX=0x253ed014 is an unknown value
EBX=0x00000000 is an unknown value
ECX=0x00000005 is an unknown value
EDX=0x00000000 is an unknown value
ESP=0x23fbf9a4 is pointing into the stack for thread: 0x2394a800
EBP=0x23fbf9ac is pointing into the stack for thread: 0x2394a800
ESI=0x253ed000 is an unknown value
EDI=0x23afe824 is an unknown value


Stack: [0x23f70000,0x23fc0000],  sp=0x23fbf9a4,  free space=318k
Native frames: (J=compiled Java code, j=interpreted, Vv=VM code, C=native code)
C  [msvcr100.dll+0x1ed7]
C  [net.dll+0x4e11]
C  [net.dll+0x5296]
j  java.net.NetworkInterface.supportsMulticast()Z+8
j  sun.reflect.GeneratedMethodAccessor46.invoke(Ljava/lang/Object;[Ljava/lang/Object;)Ljava/lang/Object;+40
J 491 C1 sun.reflect.DelegatingMethodAccessorImpl.invoke(Ljava/lang/Object;[Ljava/lang/Object;)Ljava/lang/Object; (10 bytes) @ 0x00e5d400 [0x00e5d3d0+0x30]
J 490 C1 java.lang.reflect.Method.invoke(Ljava/lang/Object;[Ljava/lang/Object;)Ljava/lang/Object; (62 bytes) @ 0x00e5d13c [0x00e5d080+0xbc]
j  javax.jmdns.impl.NetworkTopologyDiscoveryImpl.useInetAddress(Ljava/net/NetworkInterface;Ljava/net/InetAddress;)Z+50
j  javax.jmdns.impl.NetworkTopologyDiscoveryImpl.getInetAddresses()[Ljava/net/InetAddress;+110
j  cc.arduino.packages.discoverers.network.NetworkChecker.run()V+12
j  java.util.TimerThread.mainLoop()V+221
j  java.util.TimerThread.run()V+1
v  ~StubRoutines::call_stub
V  [jvm.dll+0x158ba5]
V  [jvm.dll+0x21e12e]
V  [jvm.dll+0x158c3e]
V  [jvm.dll+0x158dc6]
V  [jvm.dll+0x158e37]
V  [jvm.dll+0xfd84f]
V  [jvm.dll+0x17c07c]
V  [jvm.dll+0x17c16a]
V  [jvm.dll+0x1c06f6]
C  [msvcr100.dll+0x5c556]
C  [msvcr100.dll+0x5c600]
C  [kernel32.dll+0xb729]
C  0x00000000

Java frames: (J=compiled Java code, j=interpreted, Vv=VM code)
j  java.net.NetworkInterface.supportsMulticast0(Ljava/lang/String;I)Z+0
j  java.net.NetworkInterface.supportsMulticast()Z+8
j  sun.reflect.GeneratedMethodAccessor46.invoke(Ljava/lang/Object;[Ljava/lang/Object;)Ljava/lang/Object;+40
J 491 C1 sun.reflect.DelegatingMethodAccessorImpl.invoke(Ljava/lang/Object;[Ljava/lang/Object;)Ljava/lang/Object; (10 bytes) @ 0x00e5d400 [0x00e5d3d0+0x30]
J 490 C1 java.lang.reflect.Method.invoke(Ljava/lang/Object;[Ljava/lang/Object;)Ljava/lang/Object; (62 bytes) @ 0x00e5d13c [0x00e5d080+0xbc]
j  javax.jmdns.impl.NetworkTopologyDiscoveryImpl.useInetAddress(Ljava/net/NetworkInterface;Ljava/net/InetAddress;)Z+50
j  javax.jmdns.impl.NetworkTopologyDiscoveryImpl.getInetAddresses()[Ljava/net/InetAddress;+110
j  cc.arduino.packages.discoverers.network.NetworkChecker.run()V+12
j  java.util.TimerThread.mainLoop()V+221
j  java.util.TimerThread.run()V+1
v  ~StubRoutines::call_stub

---------------  P R O C E S S  ---------------

Java Threads: ( => current thread )
  0x00a02000 JavaThread "DestroyJavaVM" [_thread_blocked, id=2600, stack(0x009b0000,0x00a00000)]
  0x25421c00 JavaThread "Timer-0" [_thread_blocked, id=3160, stack(0x00b00000,0x00b50000)]
  0x25317000 JavaThread "TimerQueue" daemon [_thread_blocked, id=1452, stack(0x25dc0000,0x25e10000)]
  0x2527a800 JavaThread "AWT-EventQueue-0" [_thread_blocked, id=1036, stack(0x25b10000,0x25b60000)]
  0x2527a000 JavaThread "AWT-Shutdown" [_thread_blocked, id=644, stack(0x23ca0000,0x23cf0000)]
  0x23a2dc00 JavaThread "JmDNS(20130427-1419.local.).Timer" daemon [_thread_blocked, id=2284, stack(0x24c80000,0x24cd0000)]
  0x23a2c400 JavaThread "JmDNS(20130427-1419.local.).State.Timer" [_thread_blocked, id=3356, stack(0x24c30000,0x24c80000)]
  0x23a27c00 JavaThread "JmDNS(20130427-1419.local.).Timer" daemon [_thread_blocked, id=3060, stack(0x24be0000,0x24c30000)]
  0x23a26c00 JavaThread "SocketListener(20130427-1419.local.)" daemon [_thread_in_native, id=3252, stack(0x24b90000,0x24be0000)]
  0x23a0d000 JavaThread "cc.arduino.packages.discoverers.network.BoardReachabilityFilter" [_thread_blocked, id=516, stack(0x23fc0000,0x24010000)]
=>0x2394a800 JavaThread "cc.arduino.packages.discoverers.network.NetworkChecker" [_thread_in_native, id=3196, stack(0x23f70000,0x23fc0000)]
  0x239e6400 JavaThread "cc.arduino.packages.discoverers.serial.SerialBoardsLister" [_thread_blocked, id=2148, stack(0x23f20000,0x23f70000)]
  0x238c5400 JavaThread "AWT-Windows" daemon [_thread_in_native, id=2064, stack(0x23cf0000,0x23d40000)]
  0x238c2c00 JavaThread "Java2D Disposer" daemon [_thread_blocked, id=1324, stack(0x23c50000,0x23ca0000)]
  0x2349c400 JavaThread "Service Thread" daemon [_thread_blocked, id=3632, stack(0x237b0000,0x23800000)]
  0x23495800 JavaThread "C1 CompilerThread0" daemon [_thread_blocked, id=3756, stack(0x23760000,0x237b0000)]
  0x23493400 JavaThread "Attach Listener" daemon [_thread_blocked, id=1260, stack(0x23710000,0x23760000)]
  0x234a9c00 JavaThread "Signal Dispatcher" daemon [_thread_blocked, id=3900, stack(0x236c0000,0x23710000)]
  0x23473c00 JavaThread "Finalizer" daemon [_thread_blocked, id=1352, stack(0x23670000,0x236c0000)]
  0x00afb800 JavaThread "Reference Handler" daemon [_thread_blocked, id=3892, stack(0x23420000,0x23470000)]

Other Threads:
  0x00af8400 VMThread [stack: 0x02d90000,0x02de0000] [id=2832]
  0x23526800 WatcherThread [stack: 0x23800000,0x23850000] [id=1932]

VM state:not at safepoint (normal execution)

VM Mutex/Monitor currently owned by a thread: None

Heap:
 def new generation   total 39424K, used 18779K [0x02e00000, 0x058c0000, 0x0d8a0000)
  eden space 35072K,  41% used [0x02e00000, 0x03c16f50, 0x05040000)
  from space 4352K, 100% used [0x05480000, 0x058c0000, 0x058c0000)
  to   space 4352K,   0% used [0x05040000, 0x05040000, 0x05480000)
 tenured generation   total 87424K, used 14594K [0x0d8a0000, 0x12e00000, 0x22e00000)
   the space 87424K,  16% used [0x0d8a0000, 0x0e6e0918, 0x0e6e0a00, 0x12e00000)
 Metaspace       used 16274K, capacity 16702K, committed 16768K, reserved 16768K

Card table byte_map: [0x22e00000,0x22f10000] byte_map_base: 0x22de9000

Polling page: 0x00bf0000

CodeCache: size=32768Kb used=2851Kb max_used=2851Kb free=29916Kb
 bounds [0x00d10000, 0x00fe0000, 0x02d10000]
 total_blobs=1865 nmethods=1600 adapters=195
 compilation: enabled

Compilation events (10 events):
Event: 137.214 Thread 0x23495800 1619             java.util.PriorityQueue::peek (18 bytes)
Event: 137.215 Thread 0x23495800 nmethod 1619 0x00fd7608 code [0x00fd7700, 0x00fd77c0]
Event: 140.721 Thread 0x23495800 1620             java.util.concurrent.locks.ReentrantLock$NonfairSync::tryAcquire (6 bytes)
Event: 140.722 Thread 0x23495800 nmethod 1620 0x00fd7888 code [0x00fd7980, 0x00fd7a0c]
Event: 144.229 Thread 0x23495800 1621             java.awt.Window::isShowing (5 bytes)
Event: 144.229 Thread 0x23495800 nmethod 1621 0x00fd7a88 code [0x00fd7b80, 0x00fd7c00]
Event: 146.233 Thread 0x23495800 1622             sun.java2d.SunGraphics2D::setRenderingHint (555 bytes)
Event: 146.236 Thread 0x23495800 nmethod 1622 0x00fd7c48 code [0x00fd7e10, 0x00fd85ec]
Event: 147.541 Thread 0x23495800 1623             java.util.LinkedList::toArray (39 bytes)
Event: 147.541 Thread 0x23495800 nmethod 1623 0x00fd8bc8 code [0x00fd8cd0, 0x00fd8e80]

GC Heap History (8 events):
Event: 1.424 GC heap before
{Heap before GC invocations=0 (full 0):
 def new generation   total 39296K, used 34944K [0x02e00000, 0x058a0000, 0x0d8a0000)
  eden space 34944K, 100% used [0x02e00000, 0x05020000, 0x05020000)
  from space 4352K,   0% used [0x05020000, 0x05020000, 0x05460000)
  to   space 4352K,   0% used [0x05460000, 0x05460000, 0x058a0000)
 tenured generation   total 87424K, used 0K [0x0d8a0000, 0x12e00000, 0x22e00000)
   the space 87424K,   0% used [0x0d8a0000, 0x0d8a0000, 0x0d8a0200, 0x12e00000)
 Metaspace       used 9036K, capacity 9240K, committed 9344K, reserved 9600K
Event: 1.446 GC heap after
Heap after GC invocations=1 (full 0):
 def new generation   total 39296K, used 4352K [0x02e00000, 0x058a0000, 0x0d8a0000)
  eden space 34944K,   0% used [0x02e00000, 0x02e00000, 0x05020000)
  from space 4352K, 100% used [0x05460000, 0x058a0000, 0x058a0000)
  to   space 4352K,   0% used [0x05020000, 0x05020000, 0x05460000)
 tenured generation   total 87424K, used 2866K [0x0d8a0000, 0x12e00000, 0x22e00000)
   the space 87424K,   3% used [0x0d8a0000, 0x0db6c950, 0x0db6ca00, 0x12e00000)
 Metaspace       used 9036K, capacity 9240K, committed 9344K, reserved 9600K
}
Event: 2.525 GC heap before
{Heap before GC invocations=1 (full 0):
 def new generation   total 39296K, used 39296K [0x02e00000, 0x058a0000, 0x0d8a0000)
  eden space 34944K, 100% used [0x02e00000, 0x05020000, 0x05020000)
  from space 4352K, 100% used [0x05460000, 0x058a0000, 0x058a0000)
  to   space 4352K,   0% used [0x05020000, 0x05020000, 0x05460000)
 tenured generation   total 87424K, used 2866K [0x0d8a0000, 0x12e00000, 0x22e00000)
   the space 87424K,   3% used [0x0d8a0000, 0x0db6c950, 0x0db6ca00, 0x12e00000)
 Metaspace       used 11933K, capacity 12257K, committed 12288K, reserved 12672K
Event: 2.558 GC heap after
Heap after GC invocations=2 (full 0):
 def new generation   total 39296K, used 4352K [0x02e00000, 0x058a0000, 0x0d8a0000)
  eden space 34944K,   0% used [0x02e00000, 0x02e00000, 0x05020000)
  from space 4352K, 100% used [0x05020000, 0x05460000, 0x05460000)
  to   space 4352K,   0% used [0x05460000, 0x05460000, 0x058a0000)
 tenured generation   total 87424K, used 9157K [0x0d8a0000, 0x12e00000, 0x22e00000)
   the space 87424K,  10% used [0x0d8a0000, 0x0e1914a0, 0x0e191600, 0x12e00000)
 Metaspace       used 11933K, capacity 12257K, committed 12288K, reserved 12672K
}
Event: 2.563 GC heap before
{Heap before GC invocations=2 (full 0):
 def new generation   total 39296K, used 5699K [0x02e00000, 0x058a0000, 0x0d8a0000)
  eden space 34944K,   3% used [0x02e00000, 0x02f50e40, 0x05020000)
  from space 4352K, 100% used [0x05020000, 0x05460000, 0x05460000)
  to   space 4352K,   0% used [0x05460000, 0x05460000, 0x058a0000)
 tenured generation   total 87424K, used 9157K [0x0d8a0000, 0x12e00000, 0x22e00000)
   the space 87424K,  10% used [0x0d8a0000, 0x0e1914a0, 0x0e191600, 0x12e00000)
 Metaspace       used 11934K, capacity 12257K, committed 12288K, reserved 12672K
Event: 2.607 GC heap after
Heap after GC invocations=3 (full 1):
 def new generation   total 39424K, used 0K [0x02e00000, 0x058c0000, 0x0d8a0000)
  eden space 35072K,   0% used [0x02e00000, 0x02e00000, 0x05040000)
  from space 4352K,   0% used [0x05040000, 0x05040000, 0x05480000)
  to   space 4352K,   0% used [0x05480000, 0x05480000, 0x058c0000)
 tenured generation   total 87424K, used 13088K [0x0d8a0000, 0x12e00000, 0x22e00000)
   the space 87424K,  14% used [0x0d8a0000, 0x0e568050, 0x0e568200, 0x12e00000)
 Metaspace       used 11934K, capacity 12257K, committed 12288K, reserved 12672K
}
Event: 76.657 GC heap before
{Heap before GC invocations=3 (full 1):
 def new generation   total 39424K, used 35072K [0x02e00000, 0x058c0000, 0x0d8a0000)
  eden space 35072K, 100% used [0x02e00000, 0x05040000, 0x05040000)
  from space 4352K,   0% used [0x05040000, 0x05040000, 0x05480000)
  to   space 4352K,   0% used [0x05480000, 0x05480000, 0x058c0000)
 tenured generation   total 87424K, used 13088K [0x0d8a0000, 0x12e00000, 0x22e00000)
   the space 87424K,  14% used [0x0d8a0000, 0x0e568050, 0x0e568200, 0x12e00000)
 Metaspace       used 16223K, capacity 16633K, committed 16640K, reserved 16768K
Event: 76.683 GC heap after
Heap after GC invocations=4 (full 1):
 def new generation   total 39424K, used 4352K [0x02e00000, 0x058c0000, 0x0d8a0000)
  eden space 35072K,   0% used [0x02e00000, 0x02e00000, 0x05040000)
  from space 4352K, 100% used [0x05480000, 0x058c0000, 0x058c0000)
  to   space 4352K,   0% used [0x05040000, 0x05040000, 0x05480000)
 tenured generation   total 87424K, used 14594K [0x0d8a0000, 0x12e00000, 0x22e00000)
   the space 87424K,  16% used [0x0d8a0000, 0x0e6e0918, 0x0e6e0a00, 0x12e00000)
 Metaspace       used 16223K, capacity 16633K, committed 16640K, reserved 16768K
}

Deoptimization events (0 events):
No events

Internal exceptions (10 events):
Event: 70.646 Thread 0x25421c00 Exception <a 'sun/nio/fs/WindowsException'> (0x04c36b10) thrown at [C:\re\workspace\8-2-build-windows-i586-cygwin\jdk8u66\4988\hotspot\src\share\vm\prims\jni.cpp, line 709]
Event: 70.646 Thread 0x25421c00 Exception <a 'sun/nio/fs/WindowsException'> (0x04c370f0) thrown at [C:\re\workspace\8-2-build-windows-i586-cygwin\jdk8u66\4988\hotspot\src\share\vm\prims\jni.cpp, line 709]
Event: 70.647 Thread 0x25421c00 Exception <a 'sun/nio/fs/WindowsException'> (0x04c407a0) thrown at [C:\re\workspace\8-2-build-windows-i586-cygwin\jdk8u66\4988\hotspot\src\share\vm\prims\jni.cpp, line 709]
Event: 70.647 Thread 0x25421c00 Exception <a 'sun/nio/fs/WindowsException'> (0x04c40d58) thrown at [C:\re\workspace\8-2-build-windows-i586-cygwin\jdk8u66\4988\hotspot\src\share\vm\prims\jni.cpp, line 709]
Event: 70.649 Thread 0x25421c00 Exception <a 'sun/nio/fs/WindowsException'> (0x04c4a718) thrown at [C:\re\workspace\8-2-build-windows-i586-cygwin\jdk8u66\4988\hotspot\src\share\vm\prims\jni.cpp, line 709]
Event: 70.649 Thread 0x25421c00 Exception <a 'sun/nio/fs/WindowsException'> (0x04c4acd0) thrown at [C:\re\workspace\8-2-build-windows-i586-cygwin\jdk8u66\4988\hotspot\src\share\vm\prims\jni.cpp, line 709]
Event: 70.651 Thread 0x25421c00 Exception <a 'sun/nio/fs/WindowsException'> (0x04c54828) thrown at [C:\re\workspace\8-2-build-windows-i586-cygwin\jdk8u66\4988\hotspot\src\share\vm\prims\jni.cpp, line 709]
Event: 70.651 Thread 0x25421c00 Exception <a 'sun/nio/fs/WindowsException'> (0x04c54e58) thrown at [C:\re\workspace\8-2-build-windows-i586-cygwin\jdk8u66\4988\hotspot\src\share\vm\prims\jni.cpp, line 709]
Event: 70.652 Thread 0x25421c00 Exception <a 'sun/nio/fs/WindowsException'> (0x04c5ea50) thrown at [C:\re\workspace\8-2-build-windows-i586-cygwin\jdk8u66\4988\hotspot\src\share\vm\prims\jni.cpp, line 709]
Event: 70.653 Thread 0x25421c00 Exception <a 'sun/nio/fs/WindowsException'> (0x04c5f020) thrown at [C:\re\workspace\8-2-build-windows-i586-cygwin\jdk8u66\4988\hotspot\src\share\vm\prims\jni.cpp, line 709]

Events (10 events):
Event: 111.006 loading class processing/app/Editor$56
Event: 111.006 loading class processing/app/Editor$56 done
Event: 111.008 loading class processing/app/packages/UserLibrary
Event: 111.008 loading class processing/app/packages/UserLibrary done
Event: 111.009 Executing VM operation: RevokeBias
Event: 111.009 Executing VM operation: RevokeBias done
Event: 111.009 loading class processing/app/packages/UserLibrary
Event: 111.009 loading class processing/app/packages/UserLibrary done
Event: 127.740 loading class java/awt/event/MouseWheelEvent
Event: 127.740 loading class java/awt/event/MouseWheelEvent done


Dynamic libraries:
0x00400000 - 0x00433000 	d:\Program Files\Arduino\java\bin\javaw.exe
0x7c920000 - 0x7c9b6000 	C:\WINDOWS\system32\ntdll.dll
0x7c800000 - 0x7c91e000 	C:\WINDOWS\system32\kernel32.dll
0x77da0000 - 0x77e49000 	C:\WINDOWS\system32\ADVAPI32.dll
0x77e50000 - 0x77ee3000 	C:\WINDOWS\system32\RPCRT4.dll
0x77fc0000 - 0x77fd1000 	C:\WINDOWS\system32\Secur32.dll
0x77d10000 - 0x77da0000 	C:\WINDOWS\system32\USER32.dll
0x77ef0000 - 0x77f39000 	C:\WINDOWS\system32\GDI32.dll
0x77180000 - 0x77283000 	C:\WINDOWS\WinSxS\x86_Microsoft.Windows.Common-Controls_6595b64144ccf1df_6.0.2600.6028_x-ww_61e65202\COMCTL32.dll
0x77be0000 - 0x77c38000 	C:\WINDOWS\system32\msvcrt.dll
0x77f40000 - 0x77fb6000 	C:\WINDOWS\system32\SHLWAPI.dll
0x76300000 - 0x7631d000 	C:\WINDOWS\system32\IMM32.DLL
0x62c20000 - 0x62c29000 	C:\WINDOWS\system32\LPK.DLL
0x73fa0000 - 0x7400b000 	C:\WINDOWS\system32\USP10.dll
0x78aa0000 - 0x78b5f000 	d:\Program Files\Arduino\java\bin\msvcr100.dll
0x6d160000 - 0x6d525000 	d:\Program Files\Arduino\java\bin\client\jvm.dll
0x71a40000 - 0x71a4b000 	C:\WINDOWS\system32\WSOCK32.dll
0x71a20000 - 0x71a37000 	C:\WINDOWS\system32\WS2_32.dll
0x71a10000 - 0x71a18000 	C:\WINDOWS\system32\WS2HELP.dll
0x76b10000 - 0x76b3a000 	C:\WINDOWS\system32\WINMM.dll
0x77bd0000 - 0x77bd8000 	C:\WINDOWS\system32\VERSION.dll
0x76bc0000 - 0x76bcb000 	C:\WINDOWS\system32\PSAPI.DLL
0x6ff50000 - 0x6ff81000 	d:\Program Files\Arduino\java\bin\splashscreen.dll
0x5adc0000 - 0x5adf7000 	C:\WINDOWS\system32\uxtheme.dll
0x70090000 - 0x7009c000 	d:\Program Files\Arduino\java\bin\verify.dll
0x6da10000 - 0x6da31000 	d:\Program Files\Arduino\java\bin\java.dll
0x74680000 - 0x746cc000 	C:\WINDOWS\system32\MSCTF.dll
0x73640000 - 0x7366e000 	C:\WINDOWS\system32\msctfime.ime
0x76990000 - 0x76ace000 	C:\WINDOWS\system32\ole32.dll
0x70120000 - 0x70133000 	d:\Program Files\Arduino\java\bin\zip.dll
0x7d590000 - 0x7dd85000 	C:\WINDOWS\system32\SHELL32.dll
0x759d0000 - 0x75a7f000 	C:\WINDOWS\system32\USERENV.dll
0x6d000000 - 0x6d145000 	D:\Program Files\Arduino\java\bin\awt.dll
0x770f0000 - 0x7717b000 	C:\WINDOWS\system32\OLEAUT32.dll
0x6d7e0000 - 0x6d819000 	D:\Program Files\Arduino\java\bin\fontmanager.dll
0x6fe80000 - 0x6fe96000 	D:\Program Files\Arduino\java\bin\net.dll
0x6fea0000 - 0x6feaf000 	D:\Program Files\Arduino\java\bin\nio.dll
0x719c0000 - 0x719fe000 	C:\WINDOWS\system32\MSWSOCK.dll
0x70040000 - 0x70070000 	D:\Program Files\Arduino\java\bin\t2k.dll
0x76d30000 - 0x76d48000 	C:\WINDOWS\system32\IPHLPAPI.DLL
0x76d10000 - 0x76d28000 	C:\WINDOWS\system32\MPRAPI.dll
0x77c90000 - 0x77cc2000 	C:\WINDOWS\system32\ACTIVEDS.dll
0x76de0000 - 0x76e05000 	C:\WINDOWS\system32\adsldpc.dll
0x5fdd0000 - 0x5fe25000 	C:\WINDOWS\system32\NETAPI32.dll
0x76f30000 - 0x76f5c000 	C:\WINDOWS\system32\WLDAP32.dll
0x76af0000 - 0x76b01000 	C:\WINDOWS\system32\ATL.DLL
0x76e50000 - 0x76e5e000 	C:\WINDOWS\system32\rtutils.dll
0x71b70000 - 0x71b83000 	C:\WINDOWS\system32\SAMLIB.dll
0x76060000 - 0x761b6000 	C:\WINDOWS\system32\SETUPAPI.dll
0x77cd0000 - 0x77d03000 	C:\WINDOWS\system32\netman.dll
0x7de40000 - 0x7dfd9000 	C:\WINDOWS\system32\netshell.dll
0x76bd0000 - 0x76bfd000 	C:\WINDOWS\system32\credui.dll
0x42e00000 - 0x42e0a000 	C:\WINDOWS\system32\dot3api.dll
0x4a5c0000 - 0x4a5c6000 	C:\WINDOWS\system32\dot3dlg.dll
0x5a990000 - 0x5a9b8000 	C:\WINDOWS\system32\OneX.DLL
0x76f20000 - 0x76f28000 	C:\WINDOWS\system32\WTSAPI32.dll
0x762d0000 - 0x762e0000 	C:\WINDOWS\system32\WINSTA.dll
0x765e0000 - 0x76673000 	C:\WINDOWS\system32\CRYPT32.dll
0x76db0000 - 0x76dc2000 	C:\WINDOWS\system32\MSASN1.dll
0x4a820000 - 0x4a842000 	C:\WINDOWS\system32\eappcfg.dll
0x75ff0000 - 0x76055000 	C:\WINDOWS\system32\MSVCP60.dll
0x582e0000 - 0x582ee000 	C:\WINDOWS\system32\eappprxy.dll
0x76eb0000 - 0x76eec000 	C:\WINDOWS\system32\RASAPI32.dll
0x76e60000 - 0x76e72000 	C:\WINDOWS\system32\rasman.dll
0x76e80000 - 0x76eaf000 	C:\WINDOWS\system32\TAPI32.dll
0x76680000 - 0x76726000 	C:\WINDOWS\system32\WININET.dll
0x72fa0000 - 0x72fb0000 	C:\WINDOWS\system32\WZCSAPI.DLL
0x7ddb0000 - 0x7de3c000 	C:\WINDOWS\system32\WZCSvc.DLL
0x76d00000 - 0x76d04000 	C:\WINDOWS\system32\WMI.dll
0x7cc90000 - 0x7ccb1000 	C:\WINDOWS\system32\DHCPCSVC.DLL
0x76ef0000 - 0x76f17000 	C:\WINDOWS\system32\DNSAPI.dll
0x4a340000 - 0x4a34b000 	C:\WINDOWS\system32\EapolQec.dll
0x4a5a0000 - 0x4a5b6000 	C:\WINDOWS\system32\QUtil.dll
0x5df20000 - 0x5e026000 	C:\WINDOWS\system32\ESENT.dll
0x68000000 - 0x68036000 	C:\WINDOWS\system32\rsaenh.dll
0x76f80000 - 0x76f88000 	C:\WINDOWS\System32\winrnr.dll
0x76f90000 - 0x76f96000 	C:\WINDOWS\system32\rasadhlp.dll
0x60fd0000 - 0x61025000 	C:\WINDOWS\system32\hnetcfg.dll
0x71a00000 - 0x71a08000 	C:\WINDOWS\System32\wshtcpip.dll
0x24cd0000 - 0x24d0d000 	C:\Documents and Settings\Administrator\Local Settings\Temp\jna-146731693\jna3058180567981402346.dll
0x64000000 - 0x6401b000 	C:\Documents and Settings\Administrator\.jssc\windows\jSSC-2.8_x86.dll
0x78050000 - 0x780b9000 	D:\Program Files\Arduino\msvcp100.dll
0x25b60000 - 0x25c1e000 	D:\Program Files\Arduino\msvcr100.dll
0x25c20000 - 0x25c52000 	D:\Program Files\Arduino\lib\AStylej.dll
0x76fa0000 - 0x7701f000 	C:\WINDOWS\system32\CLBCATQ.DLL
0x77020000 - 0x770ba000 	C:\WINDOWS\system32\COMRes.dll
0x26290000 - 0x2678d000 	C:\WINDOWS\system32\SOGOUPY.IME
0x762f0000 - 0x762f5000 	C:\WINDOWS\system32\MSIMG32.dll
0x61880000 - 0x618ba000 	C:\WINDOWS\system32\OLEACC.dll
0x76cb0000 - 0x76cd0000 	C:\WINDOWS\system32\NTMARTA.DLL
0x28bc0000 - 0x28c11000 	C:\Program Files\SogouInput\Components\AddressSearch\1.0.0.1224\AddressSearch.dll
0x28c50000 - 0x28d2d000 	C:\Program Files\SogouInput\7.8.0.7255\Resource.dll
0x28d90000 - 0x28f1c000 	C:\Program Files\SogouInput\Components\PicFace\1.0.0.1394\PicFace.dll
0x68d60000 - 0x68e01000 	C:\WINDOWS\system32\dbghelp.dll

VM Arguments:
jvm_args: -Dsun.java2d.d3d=false -DAPP_DIR=d:\Program Files\Arduino -Xms128M -Xmx512M 
java_command: processing.app.Base D:\www.gongqingkui.cn\Nokia5110\Nokia5110\Nokia5110.ino
java_class_path (initial): d:\Program Files\Arduino\lib\apple.jar;d:\Program Files\Arduino\lib\arduino-core.jar;d:\Program Files\Arduino\lib\bcpg-jdk15on-152.jar;d:\Program Files\Arduino\lib\bcprov-jdk15on-152.jar;d:\Program Files\Arduino\lib\commons-codec-1.7.jar;d:\Program Files\Arduino\lib\commons-compress-1.8.jar;d:\Program Files\Arduino\lib\commons-exec-1.1.jar;d:\Program Files\Arduino\lib\commons-httpclient-3.1.jar;d:\Program Files\Arduino\lib\commons-lang3-3.3.2.jar;d:\Program Files\Arduino\lib\commons-logging-1.0.4.jar;d:\Program Files\Arduino\lib\commons-net-3.3.jar;d:\Program Files\Arduino\lib\ecj.jar;d:\Program Files\Arduino\lib\jackson-annotations-2.6.3.jar;d:\Program Files\Arduino\lib\jackson-core-2.6.3.jar;d:\Program Files\Arduino\lib\jackson-databind-2.6.3.jar;d:\Program Files\Arduino\lib\jackson-module-mrbean-2.6.3.jar;d:\Program Files\Arduino\lib\java-semver-0.8.0.jar;d:\Program Files\Arduino\lib\jmdns-3.4.1.jar;d:\Program Files\Arduino\lib\jna-4.1.0.jar;d:\Program Files\Arduino\lib\jna-platform-4.1.0.jar;d:\Program Files\Arduino\lib\jsch-0.1.50.jar;d:\Program Files\Arduino\lib\jssc-2.8.0.jar;d:\Program Files\Arduino\lib\pde.jar;d:\Program Files\Arduino\lib\rsyntaxtextarea-2.5.8.1+arduino.jar
Launcher Type: SUN_STANDARD

Environment Variables:
PATH=C:\Program Files\PC Connectivity Solution\;C:\Documents and Settings\All Users\Application Data\Oracle\Java\javapath;C:\WINDOWS\system32;C:\WINDOWS;C:\WINDOWS\System32\Wbem;D:\Python27;;d:\Program Files\Arduino\java\bin
USERNAME=Administrator
OS=Windows_NT
PROCESSOR_IDENTIFIER=x86 Family 6 Model 23 Stepping 10, GenuineIntel



---------------  S Y S T E M  ---------------

OS: Windows 5.1 Build 2600 (5.1.2600.6293)

CPU:total 2 (2 cores per cpu, 1 threads per core) family 6 model 23 stepping 10, cmov, cx8, fxsr, mmx, sse, sse2, sse3, ssse3, tsc

Memory: 4k page, physical 2091564k(1200000k free), swap 4033536k(3220308k free)

vm_info: Java HotSpot(TM) Client VM (25.66-b17) for windows-x86 JRE (1.8.0_66-b17), built on Oct  6 2015 19:59:47 by "java_re" with MS VC++ 10.0 (VS2010)

time: Tue Feb 02 22:37:46 2016
elapsed time: 147 seconds (0d 0h 2m 27s)

